  [1m[35m (1.1ms)[0m  [1m[34mSELECT sqlite_version(*)[0m
  [1m[35m (4.1ms)[0m  [1m[35mCREATE TABLE "schema_migrations" ("version" varchar NOT NULL PRIMARY KEY)[0m
  [1m[35m (2.5ms)[0m  [1m[35mCREATE TABLE "ar_internal_metadata" ("key" varchar NOT NULL PRIMARY KEY, "value" varchar, "created_at" datetime NOT NULL, "updated_at" datetime NOT NULL)[0m
  [1m[35m (0.4ms)[0m  [1m[34mSELECT "schema_migrations"."version" FROM "schema_migrations" ORDER BY "schema_migrations"."version" ASC[0m
Migrating to CreateTodos (20171230103639)
  [1m[35m (0.1ms)[0m  [1m[36mbegin transaction[0m
  [1m[35m (0.9ms)[0m  [1m[35mCREATE TABLE "todos" ("id" INTEGER PRIMARY KEY AUTOINCREMENT NOT NULL, "title" varchar, "created_by" varchar, "created_at" datetime NOT NULL, "updated_at" datetime NOT NULL)[0m
  [1m[35mSQL (0.4ms)[0m  [1m[32mINSERT INTO "schema_migrations" ("version") VALUES (?)[0m  [["version", "20171230103639"]]
  [1m[35m (2.6ms)[0m  [1m[36mcommit transaction[0m
Migrating to CreateItems (20171230104014)
  [1m[35m (0.1ms)[0m  [1m[36mbegin transaction[0m
  [1m[35m (0.8ms)[0m  [1m[35mCREATE TABLE "items" ("id" INTEGER PRIMARY KEY AUTOINCREMENT NOT NULL, "name" varchar, "done" boolean, "todo_id" integer, "created_at" datetime NOT NULL, "updated_at" datetime NOT NULL, CONSTRAINT "fk_rails_c01e6b449d"
FOREIGN KEY ("todo_id")
  REFERENCES "todos" ("id")
)[0m
  [1m[35m (0.2ms)[0m  [1m[35mCREATE  INDEX "index_items_on_todo_id" ON "items" ("todo_id")[0m
  [1m[35mSQL (0.3ms)[0m  [1m[32mINSERT INTO "schema_migrations" ("version") VALUES (?)[0m  [["version", "20171230104014"]]
  [1m[35m (2.1ms)[0m  [1m[36mcommit transaction[0m
  [1m[36mActiveRecord::InternalMetadata Load (0.2ms)[0m  [1m[34mSELECT  "ar_internal_metadata".* FROM "ar_internal_metadata" WHERE "ar_internal_metadata"."key" = ? LIMIT ?[0m  [["key", "environment"], ["LIMIT", 1]]
  [1m[35m (0.1ms)[0m  [1m[36mbegin transaction[0m
  [1m[35mSQL (0.5ms)[0m  [1m[32mINSERT INTO "ar_internal_metadata" ("key", "value", "created_at", "updated_at") VALUES (?, ?, ?, ?)[0m  [["key", "environment"], ["value", "development"], ["created_at", "2017-12-30 10:41:15.811636"], ["updated_at", "2017-12-30 10:41:15.811636"]]
  [1m[35m (2.0ms)[0m  [1m[36mcommit transaction[0m
  [1m[35m (0.1ms)[0m  [1m[34mSELECT "schema_migrations"."version" FROM "schema_migrations" ORDER BY "schema_migrations"."version" ASC[0m
  [1m[35m (0.1ms)[0m  [1m[34m            SELECT sql
            FROM sqlite_master
            WHERE name='index_items_on_todo_id' AND type='index'
            UNION ALL
            SELECT sql
            FROM sqlite_temp_master
            WHERE name='index_items_on_todo_id' AND type='index'
[0m
Started GET "/todos" for 127.0.0.1 at 2017-12-30 23:29:44 +0530
  [1m[35m (1.6ms)[0m  [1m[34mSELECT "schema_migrations"."version" FROM "schema_migrations" ORDER BY "schema_migrations"."version" ASC[0m
Processing by TodosController#index as */*
  [1m[36mTodo Load (1.5ms)[0m  [1m[34mSELECT "todos".* FROM "todos"[0m
Completed 200 OK in 17ms (Views: 1.7ms | ActiveRecord: 2.0ms)


Started POST "/todos" for 127.0.0.1 at 2017-12-30 23:30:35 +0530
Processing by TodosController#create as HTML
  Parameters: {"title"=>"Mozart", "created_by"=>"1", "todo"=>{"title"=>"Mozart", "created_by"=>"1"}}
Unpermitted parameter: :todo
  [1m[35m (0.1ms)[0m  [1m[36mbegin transaction[0m
  [1m[35mSQL (2.1ms)[0m  [1m[32mINSERT INTO "todos" ("title", "created_by", "created_at", "updated_at") VALUES (?, ?, ?, ?)[0m  [["title", "Mozart"], ["created_by", "1"], ["created_at", "2017-12-30 18:00:35.159068"], ["updated_at", "2017-12-30 18:00:35.159068"]]
  [1m[35m (2.2ms)[0m  [1m[36mcommit transaction[0m
Completed 201 Created in 15ms (Views: 0.7ms | ActiveRecord: 5.2ms)


Started PUT "/todos/1" for 127.0.0.1 at 2017-12-30 23:31:06 +0530
Processing by TodosController#update as HTML
  Parameters: {"title"=>"Beethven", "id"=>"1", "todo"=>{"title"=>"Beethven"}}
  [1m[36mTodo Load (0.2ms)[0m  [1m[34mSELECT  "todos".* FROM "todos" WHERE "todos"."id" = ? LIMIT ?[0m  [["id", 1], ["LIMIT", 1]]
Unpermitted parameters: :id, :todo
  [1m[35m (0.1ms)[0m  [1m[36mbegin transaction[0m
  [1m[35mSQL (0.4ms)[0m  [1m[33mUPDATE "todos" SET "title" = ?, "updated_at" = ? WHERE "todos"."id" = ?[0m  [["title", "Beethven"], ["updated_at", "2017-12-30 18:01:06.453806"], ["id", 1]]
  [1m[35m (1.7ms)[0m  [1m[36mcommit transaction[0m
Completed 204 No Content in 13ms (ActiveRecord: 2.4ms)


Started DELETE "/todos/1" for 127.0.0.1 at 2017-12-30 23:31:54 +0530
Processing by TodosController#destroy as */*
  Parameters: {"id"=>"1"}
  [1m[36mTodo Load (0.1ms)[0m  [1m[34mSELECT  "todos".* FROM "todos" WHERE "todos"."id" = ? LIMIT ?[0m  [["id", 1], ["LIMIT", 1]]
  [1m[35m (0.0ms)[0m  [1m[36mbegin transaction[0m
  [1m[36mItem Load (1.2ms)[0m  [1m[34mSELECT "items".* FROM "items" WHERE "items"."todo_id" = ?[0m  [["todo_id", 1]]
  [1m[35mSQL (0.4ms)[0m  [1m[31mDELETE FROM "todos" WHERE "todos"."id" = ?[0m  [["id", 1]]
  [1m[35m (1.9ms)[0m  [1m[36mcommit transaction[0m
Completed 204 No Content in 38ms (ActiveRecord: 4.0ms)


Started GET "/todos/2/items" for 127.0.0.1 at 2017-12-31 00:17:16 +0530
Processing by ItemsController#index as */*
  Parameters: {"todo_id"=>"2"}
  [1m[36mTodo Load (0.1ms)[0m  [1m[34mSELECT  "todos".* FROM "todos" WHERE "todos"."id" = ? LIMIT ?[0m  [["id", 2], ["LIMIT", 1]]
Completed 404 Not Found in 8ms (Views: 0.2ms | ActiveRecord: 1.2ms)


Started POST "/todos/2/items" for 127.0.0.1 at 2017-12-31 00:18:10 +0530
Processing by ItemsController#create as HTML
  Parameters: {"name"=>"Listen to 5th Symphony", "done"=>"false", "todo_id"=>"2", "item"=>{"name"=>"Listen to 5th Symphony", "done"=>"false"}}
  [1m[36mTodo Load (0.1ms)[0m  [1m[34mSELECT  "todos".* FROM "todos" WHERE "todos"."id" = ? LIMIT ?[0m  [["id", 2], ["LIMIT", 1]]
Completed 404 Not Found in 1ms (Views: 0.2ms | ActiveRecord: 0.6ms)


Started GET "/todos/2/items" for 127.0.0.1 at 2017-12-31 00:20:35 +0530
Processing by ItemsController#index as */*
  Parameters: {"todo_id"=>"2"}
  [1m[36mTodo Load (0.4ms)[0m  [1m[34mSELECT  "todos".* FROM "todos" WHERE "todos"."id" = ? LIMIT ?[0m  [["id", 2], ["LIMIT", 1]]
Completed 404 Not Found in 9ms (Views: 0.2ms | ActiveRecord: 1.6ms)


Started GET "/todos/2/items" for 127.0.0.1 at 2017-12-31 00:22:29 +0530
Processing by ItemsController#index as */*
  Parameters: {"todo_id"=>"2"}
  [1m[36mTodo Load (0.2ms)[0m  [1m[34mSELECT  "todos".* FROM "todos" WHERE "todos"."id" = ? LIMIT ?[0m  [["id", 2], ["LIMIT", 1]]
Completed 404 Not Found in 9ms (Views: 0.2ms | ActiveRecord: 1.8ms)


Started GET "/todos/2/items" for 127.0.0.1 at 2017-12-31 00:23:19 +0530
  [1m[35m (0.4ms)[0m  [1m[34mSELECT "schema_migrations"."version" FROM "schema_migrations" ORDER BY "schema_migrations"."version" ASC[0m
Processing by ItemsController#index as */*
  Parameters: {"todo_id"=>"2"}
  [1m[36mTodo Load (0.2ms)[0m  [1m[34mSELECT  "todos".* FROM "todos" WHERE "todos"."id" = ? LIMIT ?[0m  [["id", 2], ["LIMIT", 1]]
Completed 404 Not Found in 11ms (Views: 0.3ms | ActiveRecord: 1.1ms)


  [1m[36mTodo Load (1.4ms)[0m  [1m[34mSELECT  "todos".* FROM "todos" LIMIT ?[0m  [["LIMIT", 11]]
  [1m[36mItem Load (0.3ms)[0m  [1m[34mSELECT  "items".* FROM "items" LIMIT ?[0m  [["LIMIT", 11]]
Started GET "/todos" for 127.0.0.1 at 2017-12-31 09:32:00 +0530
Processing by TodosController#index as */*
  [1m[36mTodo Load (0.1ms)[0m  [1m[34mSELECT "todos".* FROM "todos"[0m
Completed 200 OK in 3ms (Views: 1.9ms | ActiveRecord: 0.5ms)


Started POST "/todos" for 127.0.0.1 at 2017-12-31 09:32:35 +0530
Processing by TodosController#create as HTML
  Parameters: {"title"=>"Mozart", "created_by"=>"1", "todo"=>{"title"=>"Mozart", "created_by"=>"1"}}
Unpermitted parameter: :todo
  [1m[35m (0.1ms)[0m  [1m[36mbegin transaction[0m
  [1m[35mSQL (0.8ms)[0m  [1m[32mINSERT INTO "todos" ("title", "created_by", "created_at", "updated_at") VALUES (?, ?, ?, ?)[0m  [["title", "Mozart"], ["created_by", "1"], ["created_at", "2017-12-31 04:02:35.743539"], ["updated_at", "2017-12-31 04:02:35.743539"]]
  [1m[35m (1.9ms)[0m  [1m[36mcommit transaction[0m
Completed 201 Created in 12ms (Views: 0.6ms | ActiveRecord: 3.0ms)


Started PUT "/todos/1" for 127.0.0.1 at 2017-12-31 09:33:19 +0530
Processing by TodosController#update as HTML
  Parameters: {"title"=>"Beethoven", "id"=>"1", "todo"=>{"title"=>"Beethoven"}}
  [1m[36mTodo Load (0.2ms)[0m  [1m[34mSELECT  "todos".* FROM "todos" WHERE "todos"."id" = ? LIMIT ?[0m  [["id", 1], ["LIMIT", 1]]
Completed 404 Not Found in 1ms (Views: 0.1ms | ActiveRecord: 0.2ms)


Started PUT "/todos/2" for 127.0.0.1 at 2017-12-31 09:33:28 +0530
Processing by TodosController#update as HTML
  Parameters: {"title"=>"Beethoven", "id"=>"2", "todo"=>{"title"=>"Beethoven"}}
  [1m[36mTodo Load (0.2ms)[0m  [1m[34mSELECT  "todos".* FROM "todos" WHERE "todos"."id" = ? LIMIT ?[0m  [["id", 2], ["LIMIT", 1]]
Unpermitted parameters: :id, :todo
  [1m[35m (0.1ms)[0m  [1m[36mbegin transaction[0m
  [1m[35mSQL (0.7ms)[0m  [1m[33mUPDATE "todos" SET "title" = ?, "updated_at" = ? WHERE "todos"."id" = ?[0m  [["title", "Beethoven"], ["updated_at", "2017-12-31 04:03:28.857299"], ["id", 2]]
  [1m[35m (2.0ms)[0m  [1m[36mcommit transaction[0m
Completed 204 No Content in 7ms (ActiveRecord: 2.9ms)


Started GET "/todos/2/items" for 127.0.0.1 at 2017-12-31 09:34:04 +0530
Processing by ItemsController#index as */*
  Parameters: {"todo_id"=>"2"}
  [1m[36mTodo Load (0.2ms)[0m  [1m[34mSELECT  "todos".* FROM "todos" WHERE "todos"."id" = ? LIMIT ?[0m  [["id", 2], ["LIMIT", 1]]
  [1m[36mItem Load (0.2ms)[0m  [1m[34mSELECT "items".* FROM "items" WHERE "items"."todo_id" = ?[0m  [["todo_id", 2]]
Completed 200 OK in 20ms (Views: 6.0ms | ActiveRecord: 0.9ms)


Started POST "/todos/2/items" for 127.0.0.1 at 2017-12-31 09:34:56 +0530
Processing by ItemsController#create as HTML
  Parameters: {"name"=>"Listen to 5th Symphony", "done"=>"false", "todo_id"=>"2", "item"=>{"name"=>"Listen to 5th Symphony", "done"=>"false"}}
  [1m[36mTodo Load (0.1ms)[0m  [1m[34mSELECT  "todos".* FROM "todos" WHERE "todos"."id" = ? LIMIT ?[0m  [["id", 2], ["LIMIT", 1]]
Unpermitted parameters: :todo_id, :item
  [1m[35m (0.1ms)[0m  [1m[36mbegin transaction[0m
  [1m[35mSQL (0.6ms)[0m  [1m[32mINSERT INTO "items" ("name", "done", "todo_id", "created_at", "updated_at") VALUES (?, ?, ?, ?, ?)[0m  [["name", "Listen to 5th Symphony"], ["done", "f"], ["todo_id", 2], ["created_at", "2017-12-31 04:04:56.027238"], ["updated_at", "2017-12-31 04:04:56.027238"]]
  [1m[35m (1.9ms)[0m  [1m[36mcommit transaction[0m
Completed 201 Created in 17ms (Views: 0.7ms | ActiveRecord: 3.3ms)


Started PUT "/todos/2/items/1" for 127.0.0.1 at 2017-12-31 09:35:44 +0530
Processing by ItemsController#update as HTML
  Parameters: {"done"=>"true", "todo_id"=>"2", "id"=>"1", "item"=>{"done"=>"true"}}
  [1m[36mTodo Load (0.3ms)[0m  [1m[34mSELECT  "todos".* FROM "todos" WHERE "todos"."id" = ? LIMIT ?[0m  [["id", 2], ["LIMIT", 1]]
  [1m[36mItem Load (0.2ms)[0m  [1m[34mSELECT  "items".* FROM "items" WHERE "items"."todo_id" = ? AND "items"."id" = ? LIMIT ?[0m  [["todo_id", 2], ["id", 1], ["LIMIT", 1]]
Unpermitted parameters: :todo_id, :id, :item
  [1m[35m (0.1ms)[0m  [1m[36mbegin transaction[0m
  [1m[35mSQL (0.4ms)[0m  [1m[33mUPDATE "items" SET "done" = ?, "updated_at" = ? WHERE "items"."id" = ?[0m  [["done", "t"], ["updated_at", "2017-12-31 04:05:44.308880"], ["id", 1]]
  [1m[35m (1.8ms)[0m  [1m[36mcommit transaction[0m
Completed 204 No Content in 8ms (ActiveRecord: 2.7ms)


  [1m[35m (0.1ms)[0m  [1m[34mSELECT "schema_migrations"."version" FROM "schema_migrations" ORDER BY "schema_migrations"."version" ASC[0m
Migrating to CreateUsers (20171231044916)
  [1m[35m (0.1ms)[0m  [1m[36mbegin transaction[0m
  [1m[35m (0.1ms)[0m  [1m[34mSELECT sqlite_version(*)[0m
  [1m[35m (0.5ms)[0m  [1m[35mCREATE TABLE "users" ("id" INTEGER PRIMARY KEY AUTOINCREMENT NOT NULL, "name" varchar, "email" varchar, "password_digest" varchar, "created_at" datetime NOT NULL, "updated_at" datetime NOT NULL)[0m
  [1m[35mSQL (0.2ms)[0m  [1m[32mINSERT INTO "schema_migrations" ("version") VALUES (?)[0m  [["version", "20171231044916"]]
  [1m[35m (1.8ms)[0m  [1m[36mcommit transaction[0m
  [1m[36mActiveRecord::InternalMetadata Load (0.1ms)[0m  [1m[34mSELECT  "ar_internal_metadata".* FROM "ar_internal_metadata" WHERE "ar_internal_metadata"."key" = ? LIMIT ?[0m  [["key", "environment"], ["LIMIT", 1]]
  [1m[35m (0.0ms)[0m  [1m[36mbegin transaction[0m
  [1m[35m (0.1ms)[0m  [1m[36mcommit transaction[0m
  [1m[35m (0.2ms)[0m  [1m[34mSELECT "schema_migrations"."version" FROM "schema_migrations" ORDER BY "schema_migrations"."version" ASC[0m
  [1m[35m (0.2ms)[0m  [1m[34m            SELECT sql
            FROM sqlite_master
            WHERE name='index_items_on_todo_id' AND type='index'
            UNION ALL
            SELECT sql
            FROM sqlite_temp_master
            WHERE name='index_items_on_todo_id' AND type='index'
[0m
  [1m[35m (0.2ms)[0m  [1m[34mSELECT "schema_migrations"."version" FROM "schema_migrations" ORDER BY "schema_migrations"."version" ASC[0m
  [1m[35m (0.2ms)[0m  [1m[34mSELECT "ar_internal_metadata"."value" FROM "ar_internal_metadata" WHERE "ar_internal_metadata"."key" = ?[0m  [["key", "environment"]]
  [1m[35m (0.1ms)[0m  [1m[34mSELECT "schema_migrations"."version" FROM "schema_migrations" ORDER BY "schema_migrations"."version" ASC[0m
  [1m[35m (0.1ms)[0m  [1m[34mSELECT "ar_internal_metadata"."value" FROM "ar_internal_metadata" WHERE "ar_internal_metadata"."key" = ?[0m  [["key", "environment"]]
  [1m[35m (0.1ms)[0m  [1m[34mSELECT "schema_migrations"."version" FROM "schema_migrations" ORDER BY "schema_migrations"."version" ASC[0m
  [1m[35m (0.1ms)[0m  [1m[34mSELECT "ar_internal_metadata"."value" FROM "ar_internal_metadata" WHERE "ar_internal_metadata"."key" = ?[0m  [["key", "environment"]]
  [1m[35m (0.1ms)[0m  [1m[35mDROP TABLE IF EXISTS "items"[0m
  [1m[35m (0.1ms)[0m  [1m[34mSELECT sqlite_version(*)[0m
  [1m[35m (2.5ms)[0m  [1m[35mCREATE TABLE "items" ("id" INTEGER PRIMARY KEY AUTOINCREMENT NOT NULL, "name" varchar, "done" boolean, "todo_id" integer, "created_at" datetime NOT NULL, "updated_at" datetime NOT NULL)[0m
  [1m[35m (2.3ms)[0m  [1m[35mCREATE  INDEX "index_items_on_todo_id" ON "items" ("todo_id")[0m
  [1m[35m (0.2ms)[0m  [1m[35mDROP TABLE IF EXISTS "todos"[0m
  [1m[35m (2.2ms)[0m  [1m[35mCREATE TABLE "todos" ("id" INTEGER PRIMARY KEY AUTOINCREMENT NOT NULL, "title" varchar, "created_by" varchar, "created_at" datetime NOT NULL, "updated_at" datetime NOT NULL)[0m
  [1m[35m (0.2ms)[0m  [1m[35mDROP TABLE IF EXISTS "users"[0m
  [1m[35m (2.6ms)[0m  [1m[35mCREATE TABLE "users" ("id" INTEGER PRIMARY KEY AUTOINCREMENT NOT NULL, "name" varchar, "email" varchar, "password_digest" varchar, "created_at" datetime NOT NULL, "updated_at" datetime NOT NULL)[0m
  [1m[35m (3.0ms)[0m  [1m[35mCREATE TABLE "schema_migrations" ("version" varchar NOT NULL PRIMARY KEY)[0m
  [1m[35m (0.3ms)[0m  [1m[34mSELECT "schema_migrations"."version" FROM "schema_migrations" ORDER BY "schema_migrations"."version" ASC[0m
  [1m[35m (2.6ms)[0m  [1m[32mINSERT INTO "schema_migrations" (version) VALUES (20171231044916)[0m
  [1m[35m (3.3ms)[0m  [1m[32mINSERT INTO "schema_migrations" (version) VALUES
(20171230104014),
(20171230103639);

[0m
  [1m[35m (3.1ms)[0m  [1m[35mCREATE TABLE "ar_internal_metadata" ("key" varchar NOT NULL PRIMARY KEY, "value" varchar, "created_at" datetime NOT NULL, "updated_at" datetime NOT NULL)[0m
  [1m[36mActiveRecord::InternalMetadata Load (0.3ms)[0m  [1m[34mSELECT  "ar_internal_metadata".* FROM "ar_internal_metadata" WHERE "ar_internal_metadata"."key" = ? LIMIT ?[0m  [["key", "environment"], ["LIMIT", 1]]
  [1m[35m (0.1ms)[0m  [1m[36mbegin transaction[0m
  [1m[35mSQL (0.4ms)[0m  [1m[32mINSERT INTO "ar_internal_metadata" ("key", "value", "created_at", "updated_at") VALUES (?, ?, ?, ?)[0m  [["key", "environment"], ["value", "development"], ["created_at", "2017-12-31 04:50:38.682985"], ["updated_at", "2017-12-31 04:50:38.682985"]]
  [1m[35m (1.8ms)[0m  [1m[36mcommit transaction[0m
  [1m[36mActiveRecord::InternalMetadata Load (0.1ms)[0m  [1m[34mSELECT  "ar_internal_metadata".* FROM "ar_internal_metadata" WHERE "ar_internal_metadata"."key" = ? LIMIT ?[0m  [["key", "environment"], ["LIMIT", 1]]
  [1m[35m (0.0ms)[0m  [1m[36mbegin transaction[0m
  [1m[35m (0.0ms)[0m  [1m[36mcommit transaction[0m
  [1m[35m (0.2ms)[0m  [1m[34mSELECT "schema_migrations"."version" FROM "schema_migrations" ORDER BY "schema_migrations"."version" ASC[0m
  [1m[35m (0.3ms)[0m  [1m[34mSELECT "schema_migrations"."version" FROM "schema_migrations" ORDER BY "schema_migrations"."version" ASC[0m
  [1m[35m (0.2ms)[0m  [1m[34mSELECT "schema_migrations"."version" FROM "schema_migrations" ORDER BY "schema_migrations"."version" ASC[0m
  [1m[35m (0.1ms)[0m  [1m[35mPRAGMA foreign_keys[0m
  [1m[35m (0.1ms)[0m  [1m[35mPRAGMA foreign_keys = OFF[0m
  [1m[35m (2.3ms)[0m  [1m[31mDELETE FROM "ar_internal_metadata";[0m
  [1m[35m (0.2ms)[0m  [1m[34mSELECT name FROM sqlite_master WHERE type='table' AND name='sqlite_sequence';[0m
  [1m[35m (0.2ms)[0m  [1m[31mDELETE FROM sqlite_sequence where name = 'ar_internal_metadata';[0m
  [1m[35m (2.0ms)[0m  [1m[31mDELETE FROM "todos";[0m
  [1m[35m (0.2ms)[0m  [1m[34mSELECT name FROM sqlite_master WHERE type='table' AND name='sqlite_sequence';[0m
  [1m[35m (2.1ms)[0m  [1m[31mDELETE FROM sqlite_sequence where name = 'todos';[0m
  [1m[35m (2.1ms)[0m  [1m[31mDELETE FROM "items";[0m
  [1m[35m (0.1ms)[0m  [1m[34mSELECT name FROM sqlite_master WHERE type='table' AND name='sqlite_sequence';[0m
  [1m[35m (2.1ms)[0m  [1m[31mDELETE FROM sqlite_sequence where name = 'items';[0m
  [1m[35m (2.7ms)[0m  [1m[31mDELETE FROM "users";[0m
  [1m[35m (0.2ms)[0m  [1m[34mSELECT name FROM sqlite_master WHERE type='table' AND name='sqlite_sequence';[0m
  [1m[35m (0.2ms)[0m  [1m[31mDELETE FROM sqlite_sequence where name = 'users';[0m
  [1m[35m (0.0ms)[0m  [1m[35mPRAGMA foreign_keys = 1[0m
  [1m[35m (0.2ms)[0m  [1m[34mSELECT "schema_migrations"."version" FROM "schema_migrations" ORDER BY "schema_migrations"."version" ASC[0m
  [1m[35m (0.1ms)[0m  [1m[35mPRAGMA foreign_keys[0m
  [1m[35m (0.1ms)[0m  [1m[35mPRAGMA foreign_keys = OFF[0m
  [1m[35m (2.5ms)[0m  [1m[31mDELETE FROM "ar_internal_metadata";[0m
  [1m[35m (0.2ms)[0m  [1m[34mSELECT name FROM sqlite_master WHERE type='table' AND name='sqlite_sequence';[0m
  [1m[35m (0.1ms)[0m  [1m[31mDELETE FROM sqlite_sequence where name = 'ar_internal_metadata';[0m
  [1m[35m (1.8ms)[0m  [1m[31mDELETE FROM "todos";[0m
  [1m[35m (0.1ms)[0m  [1m[34mSELECT name FROM sqlite_master WHERE type='table' AND name='sqlite_sequence';[0m
  [1m[35m (0.1ms)[0m  [1m[31mDELETE FROM sqlite_sequence where name = 'todos';[0m
  [1m[35m (2.1ms)[0m  [1m[31mDELETE FROM "items";[0m
  [1m[35m (0.1ms)[0m  [1m[34mSELECT name FROM sqlite_master WHERE type='table' AND name='sqlite_sequence';[0m
  [1m[35m (0.1ms)[0m  [1m[31mDELETE FROM sqlite_sequence where name = 'items';[0m
  [1m[35m (2.0ms)[0m  [1m[31mDELETE FROM "users";[0m
  [1m[35m (0.2ms)[0m  [1m[34mSELECT name FROM sqlite_master WHERE type='table' AND name='sqlite_sequence';[0m
  [1m[35m (0.2ms)[0m  [1m[31mDELETE FROM sqlite_sequence where name = 'users';[0m
  [1m[35m (0.1ms)[0m  [1m[35mPRAGMA foreign_keys = 1[0m
  [1m[35m (0.2ms)[0m  [1m[34mSELECT "schema_migrations"."version" FROM "schema_migrations" ORDER BY "schema_migrations"."version" ASC[0m
  [1m[35m (0.1ms)[0m  [1m[35mPRAGMA foreign_keys[0m
  [1m[35m (0.1ms)[0m  [1m[35mPRAGMA foreign_keys = OFF[0m
  [1m[35m (2.3ms)[0m  [1m[31mDELETE FROM "ar_internal_metadata";[0m
  [1m[35m (0.3ms)[0m  [1m[34mSELECT name FROM sqlite_master WHERE type='table' AND name='sqlite_sequence';[0m
  [1m[35m (0.3ms)[0m  [1m[31mDELETE FROM sqlite_sequence where name = 'ar_internal_metadata';[0m
  [1m[35m (1.9ms)[0m  [1m[31mDELETE FROM "todos";[0m
  [1m[35m (0.2ms)[0m  [1m[34mSELECT name FROM sqlite_master WHERE type='table' AND name='sqlite_sequence';[0m
  [1m[35m (0.1ms)[0m  [1m[31mDELETE FROM sqlite_sequence where name = 'todos';[0m
  [1m[35m (1.8ms)[0m  [1m[31mDELETE FROM "items";[0m
  [1m[35m (0.2ms)[0m  [1m[34mSELECT name FROM sqlite_master WHERE type='table' AND name='sqlite_sequence';[0m
  [1m[35m (0.2ms)[0m  [1m[31mDELETE FROM sqlite_sequence where name = 'items';[0m
  [1m[35m (6.8ms)[0m  [1m[31mDELETE FROM "users";[0m
  [1m[35m (0.2ms)[0m  [1m[34mSELECT name FROM sqlite_master WHERE type='table' AND name='sqlite_sequence';[0m
  [1m[35m (0.1ms)[0m  [1m[31mDELETE FROM sqlite_sequence where name = 'users';[0m
  [1m[35m (0.2ms)[0m  [1m[35mPRAGMA foreign_keys = 1[0m
  [1m[35m (0.2ms)[0m  [1m[34mSELECT "schema_migrations"."version" FROM "schema_migrations" ORDER BY "schema_migrations"."version" ASC[0m
  [1m[35m (0.1ms)[0m  [1m[35mPRAGMA foreign_keys[0m
  [1m[35m (0.0ms)[0m  [1m[35mPRAGMA foreign_keys = OFF[0m
  [1m[35m (2.6ms)[0m  [1m[31mDELETE FROM "ar_internal_metadata";[0m
  [1m[35m (0.2ms)[0m  [1m[34mSELECT name FROM sqlite_master WHERE type='table' AND name='sqlite_sequence';[0m
  [1m[35m (0.3ms)[0m  [1m[31mDELETE FROM sqlite_sequence where name = 'ar_internal_metadata';[0m
  [1m[35m (2.2ms)[0m  [1m[31mDELETE FROM "todos";[0m
  [1m[35m (0.2ms)[0m  [1m[34mSELECT name FROM sqlite_master WHERE type='table' AND name='sqlite_sequence';[0m
  [1m[35m (0.1ms)[0m  [1m[31mDELETE FROM sqlite_sequence where name = 'todos';[0m
  [1m[35m (2.2ms)[0m  [1m[31mDELETE FROM "items";[0m
  [1m[35m (0.2ms)[0m  [1m[34mSELECT name FROM sqlite_master WHERE type='table' AND name='sqlite_sequence';[0m
  [1m[35m (0.1ms)[0m  [1m[31mDELETE FROM sqlite_sequence where name = 'items';[0m
  [1m[35m (3.8ms)[0m  [1m[31mDELETE FROM "users";[0m
  [1m[35m (0.2ms)[0m  [1m[34mSELECT name FROM sqlite_master WHERE type='table' AND name='sqlite_sequence';[0m
  [1m[35m (0.1ms)[0m  [1m[31mDELETE FROM sqlite_sequence where name = 'users';[0m
  [1m[35m (0.1ms)[0m  [1m[35mPRAGMA foreign_keys = 1[0m
Started GET "/toods" for 127.0.0.1 at 2018-01-02 19:35:27 +0530
  [1m[35m (1.3ms)[0m  [1m[34mSELECT "schema_migrations"."version" FROM "schema_migrations" ORDER BY "schema_migrations"."version" ASC[0m
  
ActionController::RoutingError (No route matches [GET] "/toods"):
  
actionpack (5.1.4) lib/action_dispatch/middleware/debug_exceptions.rb:63:in `call'
actionpack (5.1.4) lib/action_dispatch/middleware/show_exceptions.rb:31:in `call'
railties (5.1.4) lib/rails/rack/logger.rb:36:in `call_app'
railties (5.1.4) lib/rails/rack/logger.rb:24:in `block in call'
activesupport (5.1.4) lib/active_support/tagged_logging.rb:69:in `block in tagged'
activesupport (5.1.4) lib/active_support/tagged_logging.rb:26:in `tagged'
activesupport (5.1.4) lib/active_support/tagged_logging.rb:69:in `tagged'
railties (5.1.4) lib/rails/rack/logger.rb:24:in `call'
actionpack (5.1.4) lib/action_dispatch/middleware/remote_ip.rb:79:in `call'
actionpack (5.1.4) lib/action_dispatch/middleware/request_id.rb:25:in `call'
rack (2.0.3) lib/rack/runtime.rb:22:in `call'
activesupport (5.1.4) lib/active_support/cache/strategy/local_cache_middleware.rb:27:in `call'
actionpack (5.1.4) lib/action_dispatch/middleware/executor.rb:12:in `call'
actionpack (5.1.4) lib/action_dispatch/middleware/static.rb:125:in `call'
rack (2.0.3) lib/rack/sendfile.rb:111:in `call'
railties (5.1.4) lib/rails/engine.rb:522:in `call'
puma (3.11.0) lib/puma/configuration.rb:225:in `call'
puma (3.11.0) lib/puma/server.rb:624:in `handle_request'
puma (3.11.0) lib/puma/server.rb:438:in `process_client'
puma (3.11.0) lib/puma/server.rb:302:in `block in run'
puma (3.11.0) lib/puma/thread_pool.rb:120:in `block in spawn_thread'
Started GET "/tods" for 127.0.0.1 at 2018-01-02 19:35:38 +0530
  
ActionController::RoutingError (No route matches [GET] "/tods"):
  
actionpack (5.1.4) lib/action_dispatch/middleware/debug_exceptions.rb:63:in `call'
actionpack (5.1.4) lib/action_dispatch/middleware/show_exceptions.rb:31:in `call'
railties (5.1.4) lib/rails/rack/logger.rb:36:in `call_app'
railties (5.1.4) lib/rails/rack/logger.rb:24:in `block in call'
activesupport (5.1.4) lib/active_support/tagged_logging.rb:69:in `block in tagged'
activesupport (5.1.4) lib/active_support/tagged_logging.rb:26:in `tagged'
activesupport (5.1.4) lib/active_support/tagged_logging.rb:69:in `tagged'
railties (5.1.4) lib/rails/rack/logger.rb:24:in `call'
actionpack (5.1.4) lib/action_dispatch/middleware/remote_ip.rb:79:in `call'
actionpack (5.1.4) lib/action_dispatch/middleware/request_id.rb:25:in `call'
rack (2.0.3) lib/rack/runtime.rb:22:in `call'
activesupport (5.1.4) lib/active_support/cache/strategy/local_cache_middleware.rb:27:in `call'
actionpack (5.1.4) lib/action_dispatch/middleware/executor.rb:12:in `call'
actionpack (5.1.4) lib/action_dispatch/middleware/static.rb:125:in `call'
rack (2.0.3) lib/rack/sendfile.rb:111:in `call'
railties (5.1.4) lib/rails/engine.rb:522:in `call'
puma (3.11.0) lib/puma/configuration.rb:225:in `call'
puma (3.11.0) lib/puma/server.rb:624:in `handle_request'
puma (3.11.0) lib/puma/server.rb:438:in `process_client'
puma (3.11.0) lib/puma/server.rb:302:in `block in run'
puma (3.11.0) lib/puma/thread_pool.rb:120:in `block in spawn_thread'
Started GET "/todos" for 127.0.0.1 at 2018-01-02 19:35:41 +0530
Processing by TodosController#index as */*
Completed 422 Unprocessable Entity in 2ms (Views: 0.2ms | ActiveRecord: 0.0ms)


Started POST "/signup" for 127.0.0.1 at 2018-01-02 19:47:11 +0530
Processing by UsersController#create as HTML
  Parameters: {"name"=>"ash", "email"=>"ash@email.com", "password"=>"[FILTERED]", "password_confirmation"=>"[FILTERED]", "user"=>{"name"=>"ash", "email"=>"ash@email.com"}}
Unpermitted parameter: :user
  [1m[35m (0.1ms)[0m  [1m[36mbegin transaction[0m
  [1m[35mSQL (2.5ms)[0m  [1m[32mINSERT INTO "users" ("name", "email", "password_digest", "created_at", "updated_at") VALUES (?, ?, ?, ?, ?)[0m  [["name", "ash"], ["email", "ash@email.com"], ["password_digest", "$2a$10$J5zkwgPb59w5ecVtQGgbB.64c3AMWAcCzRfLHkOMG2d4EsjA4/KrK"], ["created_at", "2018-01-02 14:17:11.620657"], ["updated_at", "2018-01-02 14:17:11.620657"]]
  [1m[35m (2.3ms)[0m  [1m[36mcommit transaction[0m
  [1m[36mUser Load (0.3ms)[0m  [1m[34mSELECT  "users".* FROM "users" WHERE "users"."email" = ? LIMIT ?[0m  [["email", "ash@email.com"], ["LIMIT", 1]]
  [1m[36mCACHE User Load (0.0ms)[0m  [1m[34mSELECT  "users".* FROM "users" WHERE "users"."email" = ? LIMIT ?[0m  [["email", "ash@email.com"], ["LIMIT", 1]]
Completed 201 Created in 257ms (Views: 0.2ms | ActiveRecord: 6.3ms)


Started GET "/todos" for 127.0.0.1 at 2018-01-02 19:49:37 +0530
Processing by TodosController#index as */*
  [1m[36mUser Load (0.2ms)[0m  [1m[34mSELECT  "users".* FROM "users" WHERE "users"."id" = ? LIMIT ?[0m  [["id", 1], ["LIMIT", 1]]
  [1m[36mTodo Load (1.3ms)[0m  [1m[34mSELECT "todos".* FROM "todos" WHERE "todos"."created_by" = ?[0m  [["created_by", "1"]]
Completed 200 OK in 16ms (Views: 4.3ms | ActiveRecord: 1.8ms)


Started POST "/todos" for 127.0.0.1 at 2018-01-02 19:50:40 +0530
Processing by TodosController#create as HTML
  Parameters: {"title"=>"Beethoven", "todo"=>{"title"=>"Beethoven"}}
  [1m[36mUser Load (0.2ms)[0m  [1m[34mSELECT  "users".* FROM "users" WHERE "users"."id" = ? LIMIT ?[0m  [["id", 1], ["LIMIT", 1]]
Unpermitted parameter: :todo
  [1m[35m (0.1ms)[0m  [1m[36mbegin transaction[0m
  [1m[35mSQL (0.4ms)[0m  [1m[32mINSERT INTO "todos" ("title", "created_by", "created_at", "updated_at") VALUES (?, ?, ?, ?)[0m  [["title", "Beethoven"], ["created_by", "1"], ["created_at", "2018-01-02 14:20:40.203777"], ["updated_at", "2018-01-02 14:20:40.203777"]]
  [1m[35m (1.8ms)[0m  [1m[36mcommit transaction[0m
Completed 201 Created in 11ms (Views: 0.7ms | ActiveRecord: 2.9ms)


Started GET "/todos" for 127.0.0.1 at 2018-01-02 19:51:47 +0530
Processing by TodosController#index as */*
  [1m[36mUser Load (0.2ms)[0m  [1m[34mSELECT  "users".* FROM "users" WHERE "users"."id" = ? LIMIT ?[0m  [["id", 1], ["LIMIT", 1]]
  [1m[36mTodo Load (0.1ms)[0m  [1m[34mSELECT "todos".* FROM "todos" WHERE "todos"."created_by" = ?[0m  [["created_by", "1"]]
Completed 200 OK in 3ms (Views: 1.2ms | ActiveRecord: 0.3ms)


